{"F:\\repos\\Omnia\\fullstackopen\\part0\\notes-backend\\app.js": {"path":"F:\\repos\\Omnia\\fullstackopen\\part0\\notes-backend\\app.js","statementMap":{"0":{"start":{"line":1,"column":15},"end":{"line":1,"column":40}},"1":{"start":{"line":2,"column":16},"end":{"line":2,"column":34}},"2":{"start":{"line":3,"column":0},"end":{"line":3,"column":31}},"3":{"start":{"line":4,"column":19},"end":{"line":4,"column":41}},"4":{"start":{"line":5,"column":12},"end":{"line":5,"column":21}},"5":{"start":{"line":6,"column":13},"end":{"line":6,"column":28}},"6":{"start":{"line":7,"column":20},"end":{"line":7,"column":50}},"7":{"start":{"line":8,"column":20},"end":{"line":8,"column":50}},"8":{"start":{"line":9,"column":19},"end":{"line":9,"column":48}},"9":{"start":{"line":10,"column":20},"end":{"line":10,"column":50}},"10":{"start":{"line":11,"column":15},"end":{"line":11,"column":40}},"11":{"start":{"line":12,"column":17},"end":{"line":12,"column":36}},"12":{"start":{"line":14,"column":0},"end":{"line":14,"column":49}},"13":{"start":{"line":16,"column":0},"end":{"line":22,"column":6}},"14":{"start":{"line":18,"column":8},"end":{"line":18,"column":43}},"15":{"start":{"line":21,"column":8},"end":{"line":21,"column":67}},"16":{"start":{"line":24,"column":0},"end":{"line":24,"column":15}},"17":{"start":{"line":25,"column":0},"end":{"line":25,"column":32}},"18":{"start":{"line":26,"column":0},"end":{"line":26,"column":26}},"19":{"start":{"line":27,"column":0},"end":{"line":27,"column":33}},"20":{"start":{"line":29,"column":0},"end":{"line":29,"column":34}},"21":{"start":{"line":30,"column":0},"end":{"line":30,"column":34}},"22":{"start":{"line":31,"column":0},"end":{"line":31,"column":34}},"23":{"start":{"line":33,"column":0},"end":{"line":36,"column":1}},"24":{"start":{"line":34,"column":26},"end":{"line":34,"column":58}},"25":{"start":{"line":35,"column":4},"end":{"line":35,"column":42}},"26":{"start":{"line":38,"column":0},"end":{"line":38,"column":35}},"27":{"start":{"line":39,"column":0},"end":{"line":39,"column":32}},"28":{"start":{"line":41,"column":0},"end":{"line":41,"column":20}}},"fnMap":{"0":{"name":"(anonymous_0)","decl":{"start":{"line":17,"column":10},"end":{"line":17,"column":11}},"loc":{"start":{"line":17,"column":16},"end":{"line":19,"column":5}},"line":17},"1":{"name":"(anonymous_1)","decl":{"start":{"line":20,"column":11},"end":{"line":20,"column":12}},"loc":{"start":{"line":20,"column":22},"end":{"line":22,"column":5}},"line":20}},"branchMap":{"0":{"loc":{"start":{"line":33,"column":0},"end":{"line":36,"column":1}},"type":"if","locations":[{"start":{"line":33,"column":0},"end":{"line":36,"column":1}},{"start":{"line":33,"column":0},"end":{"line":36,"column":1}}],"line":33}},"s":{"0":1,"1":1,"2":1,"3":1,"4":1,"5":1,"6":1,"7":1,"8":1,"9":1,"10":1,"11":1,"12":1,"13":1,"14":1,"15":0,"16":1,"17":1,"18":1,"19":1,"20":1,"21":1,"22":1,"23":1,"24":1,"25":1,"26":1,"27":1,"28":1},"f":{"0":1,"1":0},"b":{"0":[1,0]},"_coverageSchema":"1a1c01bbd47fc00a2c39e90264f33305004495a9","hash":"a860833b19c752ee6ede2ac910d16b063f94fd68"}
,"F:\\repos\\Omnia\\fullstackopen\\part0\\notes-backend\\controllers\\login.js": {"path":"F:\\repos\\Omnia\\fullstackopen\\part0\\notes-backend\\controllers\\login.js","statementMap":{"0":{"start":{"line":1,"column":12},"end":{"line":1,"column":35}},"1":{"start":{"line":2,"column":15},"end":{"line":2,"column":32}},"2":{"start":{"line":3,"column":20},"end":{"line":3,"column":47}},"3":{"start":{"line":4,"column":13},"end":{"line":4,"column":38}},"4":{"start":{"line":6,"column":0},"end":{"line":30,"column":2}},"5":{"start":{"line":7,"column":17},"end":{"line":7,"column":29}},"6":{"start":{"line":9,"column":17},"end":{"line":9,"column":64}},"7":{"start":{"line":10,"column":28},"end":{"line":12,"column":64}},"8":{"start":{"line":14,"column":4},"end":{"line":18,"column":5}},"9":{"start":{"line":15,"column":8},"end":{"line":17,"column":10}},"10":{"start":{"line":20,"column":25},"end":{"line":23,"column":5}},"11":{"start":{"line":25,"column":18},"end":{"line":25,"column":60}},"12":{"start":{"line":27,"column":4},"end":{"line":29,"column":66}},"13":{"start":{"line":32,"column":0},"end":{"line":32,"column":28}}},"fnMap":{"0":{"name":"(anonymous_0)","decl":{"start":{"line":6,"column":22},"end":{"line":6,"column":23}},"loc":{"start":{"line":6,"column":51},"end":{"line":30,"column":1}},"line":6}},"branchMap":{"0":{"loc":{"start":{"line":10,"column":28},"end":{"line":12,"column":64}},"type":"cond-expr","locations":[{"start":{"line":11,"column":10},"end":{"line":11,"column":15}},{"start":{"line":12,"column":10},"end":{"line":12,"column":64}}],"line":10},"1":{"loc":{"start":{"line":14,"column":4},"end":{"line":18,"column":5}},"type":"if","locations":[{"start":{"line":14,"column":4},"end":{"line":18,"column":5}},{"start":{"line":14,"column":4},"end":{"line":18,"column":5}}],"line":14},"2":{"loc":{"start":{"line":14,"column":10},"end":{"line":14,"column":33}},"type":"binary-expr","locations":[{"start":{"line":14,"column":10},"end":{"line":14,"column":14}},{"start":{"line":14,"column":18},"end":{"line":14,"column":33}}],"line":14}},"s":{"0":1,"1":1,"2":1,"3":1,"4":1,"5":0,"6":0,"7":0,"8":0,"9":0,"10":0,"11":0,"12":0,"13":1},"f":{"0":0},"b":{"0":[0,0],"1":[0,0],"2":[0,0]},"_coverageSchema":"1a1c01bbd47fc00a2c39e90264f33305004495a9","hash":"f3b7d152ab2ebbe2e66dc2a2a760a51f20bf1467"}
,"F:\\repos\\Omnia\\fullstackopen\\part0\\notes-backend\\controllers\\notes.js": {"path":"F:\\repos\\Omnia\\fullstackopen\\part0\\notes-backend\\controllers\\notes.js","statementMap":{"0":{"start":{"line":1,"column":20},"end":{"line":1,"column":47}},"1":{"start":{"line":2,"column":12},"end":{"line":2,"column":35}},"2":{"start":{"line":3,"column":13},"end":{"line":3,"column":38}},"3":{"start":{"line":4,"column":13},"end":{"line":4,"column":38}},"4":{"start":{"line":6,"column":21},"end":{"line":12,"column":1}},"5":{"start":{"line":7,"column":26},"end":{"line":7,"column":54}},"6":{"start":{"line":8,"column":4},"end":{"line":10,"column":5}},"7":{"start":{"line":9,"column":8},"end":{"line":9,"column":41}},"8":{"start":{"line":11,"column":4},"end":{"line":11,"column":15}},"9":{"start":{"line":14,"column":0},"end":{"line":19,"column":2}},"10":{"start":{"line":15,"column":18},"end":{"line":16,"column":60}},"11":{"start":{"line":18,"column":4},"end":{"line":18,"column":51}},"12":{"start":{"line":18,"column":36},"end":{"line":18,"column":49}},"13":{"start":{"line":21,"column":0},"end":{"line":34,"column":2}},"14":{"start":{"line":22,"column":17},"end":{"line":22,"column":29}},"15":{"start":{"line":24,"column":17},"end":{"line":27,"column":5}},"16":{"start":{"line":29,"column":4},"end":{"line":33,"column":36}},"17":{"start":{"line":31,"column":12},"end":{"line":31,"column":47}},"18":{"start":{"line":33,"column":24},"end":{"line":33,"column":35}},"19":{"start":{"line":36,"column":0},"end":{"line":44,"column":2}},"20":{"start":{"line":37,"column":17},"end":{"line":37,"column":55}},"21":{"start":{"line":38,"column":4},"end":{"line":43,"column":5}},"22":{"start":{"line":39,"column":8},"end":{"line":39,"column":36}},"23":{"start":{"line":42,"column":8},"end":{"line":42,"column":34}},"24":{"start":{"line":46,"column":0},"end":{"line":69,"column":2}},"25":{"start":{"line":47,"column":17},"end":{"line":47,"column":29}},"26":{"start":{"line":48,"column":18},"end":{"line":48,"column":39}},"27":{"start":{"line":50,"column":25},"end":{"line":50,"column":62}},"28":{"start":{"line":51,"column":4},"end":{"line":53,"column":5}},"29":{"start":{"line":52,"column":8},"end":{"line":52,"column":79}},"30":{"start":{"line":55,"column":17},"end":{"line":55,"column":53}},"31":{"start":{"line":57,"column":17},"end":{"line":62,"column":6}},"32":{"start":{"line":64,"column":22},"end":{"line":64,"column":39}},"33":{"start":{"line":65,"column":4},"end":{"line":65,"column":49}},"34":{"start":{"line":66,"column":4},"end":{"line":66,"column":21}},"35":{"start":{"line":68,"column":4},"end":{"line":68,"column":37}},"36":{"start":{"line":71,"column":0},"end":{"line":74,"column":2}},"37":{"start":{"line":72,"column":4},"end":{"line":72,"column":51}},"38":{"start":{"line":73,"column":4},"end":{"line":73,"column":30}},"39":{"start":{"line":76,"column":0},"end":{"line":76,"column":28}}},"fnMap":{"0":{"name":"(anonymous_0)","decl":{"start":{"line":6,"column":21},"end":{"line":6,"column":22}},"loc":{"start":{"line":6,"column":32},"end":{"line":12,"column":1}},"line":6},"1":{"name":"(anonymous_1)","decl":{"start":{"line":14,"column":21},"end":{"line":14,"column":22}},"loc":{"start":{"line":14,"column":50},"end":{"line":19,"column":1}},"line":14},"2":{"name":"(anonymous_2)","decl":{"start":{"line":18,"column":28},"end":{"line":18,"column":29}},"loc":{"start":{"line":18,"column":36},"end":{"line":18,"column":49}},"line":18},"3":{"name":"(anonymous_3)","decl":{"start":{"line":21,"column":24},"end":{"line":21,"column":25}},"loc":{"start":{"line":21,"column":53},"end":{"line":34,"column":1}},"line":21},"4":{"name":"(anonymous_4)","decl":{"start":{"line":30,"column":14},"end":{"line":30,"column":15}},"loc":{"start":{"line":30,"column":29},"end":{"line":32,"column":9}},"line":30},"5":{"name":"(anonymous_5)","decl":{"start":{"line":33,"column":15},"end":{"line":33,"column":16}},"loc":{"start":{"line":33,"column":24},"end":{"line":33,"column":35}},"line":33},"6":{"name":"(anonymous_6)","decl":{"start":{"line":36,"column":24},"end":{"line":36,"column":25}},"loc":{"start":{"line":36,"column":53},"end":{"line":44,"column":1}},"line":36},"7":{"name":"(anonymous_7)","decl":{"start":{"line":46,"column":22},"end":{"line":46,"column":23}},"loc":{"start":{"line":46,"column":51},"end":{"line":69,"column":1}},"line":46},"8":{"name":"(anonymous_8)","decl":{"start":{"line":71,"column":27},"end":{"line":71,"column":28}},"loc":{"start":{"line":71,"column":56},"end":{"line":74,"column":1}},"line":71}},"branchMap":{"0":{"loc":{"start":{"line":8,"column":4},"end":{"line":10,"column":5}},"type":"if","locations":[{"start":{"line":8,"column":4},"end":{"line":10,"column":5}},{"start":{"line":8,"column":4},"end":{"line":10,"column":5}}],"line":8},"1":{"loc":{"start":{"line":8,"column":8},"end":{"line":8,"column":74}},"type":"binary-expr","locations":[{"start":{"line":8,"column":8},"end":{"line":8,"column":21}},{"start":{"line":8,"column":25},"end":{"line":8,"column":74}}],"line":8},"2":{"loc":{"start":{"line":38,"column":4},"end":{"line":43,"column":5}},"type":"if","locations":[{"start":{"line":38,"column":4},"end":{"line":43,"column":5}},{"start":{"line":38,"column":4},"end":{"line":43,"column":5}}],"line":38},"3":{"loc":{"start":{"line":51,"column":4},"end":{"line":53,"column":5}},"type":"if","locations":[{"start":{"line":51,"column":4},"end":{"line":53,"column":5}},{"start":{"line":51,"column":4},"end":{"line":53,"column":5}}],"line":51},"4":{"loc":{"start":{"line":51,"column":8},"end":{"line":51,"column":34}},"type":"binary-expr","locations":[{"start":{"line":51,"column":8},"end":{"line":51,"column":14}},{"start":{"line":51,"column":18},"end":{"line":51,"column":34}}],"line":51},"5":{"loc":{"start":{"line":59,"column":19},"end":{"line":59,"column":72}},"type":"cond-expr","locations":[{"start":{"line":59,"column":50},"end":{"line":59,"column":55}},{"start":{"line":59,"column":58},"end":{"line":59,"column":72}}],"line":59}},"s":{"0":1,"1":1,"2":1,"3":1,"4":1,"5":2,"6":2,"7":0,"8":2,"9":1,"10":3,"11":3,"12":6,"13":1,"14":0,"15":0,"16":0,"17":0,"18":0,"19":1,"20":3,"21":2,"22":1,"23":1,"24":1,"25":2,"26":2,"27":2,"28":0,"29":0,"30":0,"31":0,"32":0,"33":0,"34":0,"35":0,"36":1,"37":1,"38":1,"39":1},"f":{"0":2,"1":3,"2":6,"3":0,"4":0,"5":0,"6":3,"7":2,"8":1},"b":{"0":[0,2],"1":[2,0],"2":[1,1],"3":[0,0],"4":[0,0],"5":[0,0]},"_coverageSchema":"1a1c01bbd47fc00a2c39e90264f33305004495a9","hash":"3a2d4c3078ecb05e1f8b7b3eec99ffd19155f3db"}
,"F:\\repos\\Omnia\\fullstackopen\\part0\\notes-backend\\controllers\\testing.js": {"path":"F:\\repos\\Omnia\\fullstackopen\\part0\\notes-backend\\controllers\\testing.js","statementMap":{"0":{"start":{"line":1,"column":15},"end":{"line":1,"column":42}},"1":{"start":{"line":2,"column":13},"end":{"line":2,"column":38}},"2":{"start":{"line":3,"column":13},"end":{"line":3,"column":38}},"3":{"start":{"line":5,"column":0},"end":{"line":10,"column":2}},"4":{"start":{"line":6,"column":4},"end":{"line":6,"column":29}},"5":{"start":{"line":7,"column":4},"end":{"line":7,"column":29}},"6":{"start":{"line":9,"column":4},"end":{"line":9,"column":30}},"7":{"start":{"line":12,"column":0},"end":{"line":12,"column":23}}},"fnMap":{"0":{"name":"(anonymous_0)","decl":{"start":{"line":5,"column":22},"end":{"line":5,"column":23}},"loc":{"start":{"line":5,"column":51},"end":{"line":10,"column":1}},"line":5}},"branchMap":{},"s":{"0":1,"1":1,"2":1,"3":1,"4":0,"5":0,"6":0,"7":1},"f":{"0":0},"b":{},"_coverageSchema":"1a1c01bbd47fc00a2c39e90264f33305004495a9","hash":"478331b263e723e252e3eca1291dd62a7d7d95d2"}
,"F:\\repos\\Omnia\\fullstackopen\\part0\\notes-backend\\controllers\\users.js": {"path":"F:\\repos\\Omnia\\fullstackopen\\part0\\notes-backend\\controllers\\users.js","statementMap":{"0":{"start":{"line":1,"column":15},"end":{"line":1,"column":32}},"1":{"start":{"line":2,"column":20},"end":{"line":2,"column":47}},"2":{"start":{"line":3,"column":13},"end":{"line":3,"column":38}},"3":{"start":{"line":5,"column":0},"end":{"line":9,"column":2}},"4":{"start":{"line":6,"column":18},"end":{"line":7,"column":60}},"5":{"start":{"line":8,"column":4},"end":{"line":8,"column":45}},"6":{"start":{"line":8,"column":33},"end":{"line":8,"column":43}},"7":{"start":{"line":11,"column":0},"end":{"line":26,"column":2}},"8":{"start":{"line":12,"column":17},"end":{"line":12,"column":29}},"9":{"start":{"line":14,"column":23},"end":{"line":14,"column":25}},"10":{"start":{"line":15,"column":25},"end":{"line":15,"column":69}},"11":{"start":{"line":17,"column":17},"end":{"line":21,"column":6}},"12":{"start":{"line":23,"column":22},"end":{"line":23,"column":39}},"13":{"start":{"line":25,"column":4},"end":{"line":25,"column":28}},"14":{"start":{"line":28,"column":0},"end":{"line":28,"column":28}}},"fnMap":{"0":{"name":"(anonymous_0)","decl":{"start":{"line":5,"column":21},"end":{"line":5,"column":22}},"loc":{"start":{"line":5,"column":50},"end":{"line":9,"column":1}},"line":5},"1":{"name":"(anonymous_1)","decl":{"start":{"line":8,"column":28},"end":{"line":8,"column":29}},"loc":{"start":{"line":8,"column":33},"end":{"line":8,"column":43}},"line":8},"2":{"name":"(anonymous_2)","decl":{"start":{"line":11,"column":22},"end":{"line":11,"column":23}},"loc":{"start":{"line":11,"column":51},"end":{"line":26,"column":1}},"line":11}},"branchMap":{},"s":{"0":1,"1":1,"2":1,"3":1,"4":0,"5":0,"6":0,"7":1,"8":2,"9":2,"10":2,"11":2,"12":2,"13":1,"14":1},"f":{"0":0,"1":0,"2":2},"b":{},"_coverageSchema":"1a1c01bbd47fc00a2c39e90264f33305004495a9","hash":"4dc6c631d5b109b58351257d890c14c00c64b894"}
,"F:\\repos\\Omnia\\fullstackopen\\part0\\notes-backend\\models\\note.js": {"path":"F:\\repos\\Omnia\\fullstackopen\\part0\\notes-backend\\models\\note.js","statementMap":{"0":{"start":{"line":1,"column":17},"end":{"line":1,"column":36}},"1":{"start":{"line":3,"column":19},"end":{"line":15,"column":2}},"2":{"start":{"line":17,"column":0},"end":{"line":23,"column":2}},"3":{"start":{"line":19,"column":8},"end":{"line":19,"column":57}},"4":{"start":{"line":20,"column":8},"end":{"line":20,"column":33}},"5":{"start":{"line":21,"column":8},"end":{"line":21,"column":33}},"6":{"start":{"line":25,"column":0},"end":{"line":25,"column":51}}},"fnMap":{"0":{"name":"(anonymous_0)","decl":{"start":{"line":18,"column":15},"end":{"line":18,"column":16}},"loc":{"start":{"line":18,"column":45},"end":{"line":22,"column":5}},"line":18}},"branchMap":{},"s":{"0":1,"1":1,"2":1,"3":12,"4":12,"5":12,"6":1},"f":{"0":12},"b":{},"_coverageSchema":"1a1c01bbd47fc00a2c39e90264f33305004495a9","hash":"635fedbddd0a0b3b2bb94e77dfe52c983d2d41f4"}
,"F:\\repos\\Omnia\\fullstackopen\\part0\\notes-backend\\models\\user.js": {"path":"F:\\repos\\Omnia\\fullstackopen\\part0\\notes-backend\\models\\user.js","statementMap":{"0":{"start":{"line":1,"column":17},"end":{"line":1,"column":36}},"1":{"start":{"line":2,"column":24},"end":{"line":2,"column":60}},"2":{"start":{"line":4,"column":19},"end":{"line":17,"column":2}},"3":{"start":{"line":19,"column":0},"end":{"line":26,"column":2}},"4":{"start":{"line":21,"column":8},"end":{"line":21,"column":57}},"5":{"start":{"line":22,"column":8},"end":{"line":22,"column":33}},"6":{"start":{"line":23,"column":8},"end":{"line":23,"column":33}},"7":{"start":{"line":24,"column":8},"end":{"line":24,"column":42}},"8":{"start":{"line":28,"column":0},"end":{"line":28,"column":34}},"9":{"start":{"line":30,"column":13},"end":{"line":30,"column":47}},"10":{"start":{"line":32,"column":0},"end":{"line":32,"column":21}}},"fnMap":{"0":{"name":"(anonymous_0)","decl":{"start":{"line":20,"column":15},"end":{"line":20,"column":16}},"loc":{"start":{"line":20,"column":45},"end":{"line":25,"column":5}},"line":20}},"branchMap":{},"s":{"0":1,"1":1,"2":1,"3":1,"4":6,"5":6,"6":6,"7":6,"8":1,"9":1,"10":1},"f":{"0":6},"b":{},"_coverageSchema":"1a1c01bbd47fc00a2c39e90264f33305004495a9","hash":"ec1e1b41e9d5cbd68b510feca4102cc4c69086f5"}
,"F:\\repos\\Omnia\\fullstackopen\\part0\\notes-backend\\tests\\test_helper.js": {"path":"F:\\repos\\Omnia\\fullstackopen\\part0\\notes-backend\\tests\\test_helper.js","statementMap":{"0":{"start":{"line":1,"column":13},"end":{"line":1,"column":38}},"1":{"start":{"line":2,"column":13},"end":{"line":2,"column":38}},"2":{"start":{"line":4,"column":21},"end":{"line":13,"column":1}},"3":{"start":{"line":15,"column":22},"end":{"line":21,"column":1}},"4":{"start":{"line":16,"column":17},"end":{"line":16,"column":60}},"5":{"start":{"line":17,"column":4},"end":{"line":17,"column":21}},"6":{"start":{"line":18,"column":4},"end":{"line":18,"column":23}},"7":{"start":{"line":20,"column":4},"end":{"line":20,"column":30}},"8":{"start":{"line":23,"column":18},"end":{"line":26,"column":1}},"9":{"start":{"line":24,"column":18},"end":{"line":24,"column":37}},"10":{"start":{"line":25,"column":4},"end":{"line":25,"column":43}},"11":{"start":{"line":25,"column":29},"end":{"line":25,"column":42}},"12":{"start":{"line":28,"column":18},"end":{"line":31,"column":1}},"13":{"start":{"line":29,"column":18},"end":{"line":29,"column":37}},"14":{"start":{"line":30,"column":4},"end":{"line":30,"column":37}},"15":{"start":{"line":30,"column":26},"end":{"line":30,"column":36}},"16":{"start":{"line":33,"column":0},"end":{"line":35,"column":1}}},"fnMap":{"0":{"name":"(anonymous_0)","decl":{"start":{"line":15,"column":22},"end":{"line":15,"column":23}},"loc":{"start":{"line":15,"column":34},"end":{"line":21,"column":1}},"line":15},"1":{"name":"(anonymous_1)","decl":{"start":{"line":23,"column":18},"end":{"line":23,"column":19}},"loc":{"start":{"line":23,"column":30},"end":{"line":26,"column":1}},"line":23},"2":{"name":"(anonymous_2)","decl":{"start":{"line":25,"column":21},"end":{"line":25,"column":22}},"loc":{"start":{"line":25,"column":29},"end":{"line":25,"column":42}},"line":25},"3":{"name":"(anonymous_3)","decl":{"start":{"line":28,"column":18},"end":{"line":28,"column":19}},"loc":{"start":{"line":28,"column":30},"end":{"line":31,"column":1}},"line":28},"4":{"name":"(anonymous_4)","decl":{"start":{"line":30,"column":21},"end":{"line":30,"column":22}},"loc":{"start":{"line":30,"column":26},"end":{"line":30,"column":36}},"line":30}},"branchMap":{},"s":{"0":1,"1":1,"2":1,"3":1,"4":1,"5":1,"6":1,"7":1,"8":1,"9":3,"10":3,"11":5,"12":1,"13":4,"14":4,"15":5,"16":1},"f":{"0":1,"1":3,"2":5,"3":4,"4":5},"b":{},"_coverageSchema":"1a1c01bbd47fc00a2c39e90264f33305004495a9","hash":"c89b545012b2b736ffaecf6534ac42cf571fad0c"}
,"F:\\repos\\Omnia\\fullstackopen\\part0\\notes-backend\\utils\\config.js": {"path":"F:\\repos\\Omnia\\fullstackopen\\part0\\notes-backend\\utils\\config.js","statementMap":{"0":{"start":{"line":1,"column":0},"end":{"line":1,"column":26}},"1":{"start":{"line":3,"column":11},"end":{"line":3,"column":27}},"2":{"start":{"line":4,"column":18},"end":{"line":4,"column":41}},"3":{"start":{"line":6,"column":0},"end":{"line":8,"column":1}},"4":{"start":{"line":7,"column":4},"end":{"line":7,"column":46}},"5":{"start":{"line":10,"column":0},"end":{"line":13,"column":1}}},"fnMap":{},"branchMap":{"0":{"loc":{"start":{"line":6,"column":0},"end":{"line":8,"column":1}},"type":"if","locations":[{"start":{"line":6,"column":0},"end":{"line":8,"column":1}},{"start":{"line":6,"column":0},"end":{"line":8,"column":1}}],"line":6}},"s":{"0":1,"1":1,"2":1,"3":1,"4":1,"5":1},"f":{},"b":{"0":[1,0]},"_coverageSchema":"1a1c01bbd47fc00a2c39e90264f33305004495a9","hash":"f975c3777fa95586525caa86c5277b651859ba36"}
,"F:\\repos\\Omnia\\fullstackopen\\part0\\notes-backend\\utils\\for_testing.js": {"path":"F:\\repos\\Omnia\\fullstackopen\\part0\\notes-backend\\utils\\for_testing.js","statementMap":{"0":{"start":{"line":1,"column":19},"end":{"line":6,"column":1}},"1":{"start":{"line":2,"column":4},"end":{"line":5,"column":17}},"2":{"start":{"line":8,"column":16},"end":{"line":16,"column":1}},"3":{"start":{"line":9,"column":20},"end":{"line":11,"column":5}},"4":{"start":{"line":10,"column":8},"end":{"line":10,"column":25}},"5":{"start":{"line":13,"column":4},"end":{"line":15,"column":49}},"6":{"start":{"line":18,"column":0},"end":{"line":21,"column":1}}},"fnMap":{"0":{"name":"(anonymous_0)","decl":{"start":{"line":1,"column":19},"end":{"line":1,"column":20}},"loc":{"start":{"line":1,"column":31},"end":{"line":6,"column":1}},"line":1},"1":{"name":"(anonymous_1)","decl":{"start":{"line":8,"column":16},"end":{"line":8,"column":17}},"loc":{"start":{"line":8,"column":27},"end":{"line":16,"column":1}},"line":8},"2":{"name":"(anonymous_2)","decl":{"start":{"line":9,"column":20},"end":{"line":9,"column":21}},"loc":{"start":{"line":9,"column":35},"end":{"line":11,"column":5}},"line":9}},"branchMap":{"0":{"loc":{"start":{"line":13,"column":11},"end":{"line":15,"column":49}},"type":"cond-expr","locations":[{"start":{"line":14,"column":10},"end":{"line":14,"column":11}},{"start":{"line":15,"column":10},"end":{"line":15,"column":49}}],"line":13}},"s":{"0":2,"1":3,"2":2,"3":3,"4":7,"5":3,"6":2},"f":{"0":3,"1":3,"2":7},"b":{"0":[1,2]},"_coverageSchema":"1a1c01bbd47fc00a2c39e90264f33305004495a9","hash":"ccba27b88a3118681fca0af3f9cbbcbcb807d6db"}
,"F:\\repos\\Omnia\\fullstackopen\\part0\\notes-backend\\utils\\logger.js": {"path":"F:\\repos\\Omnia\\fullstackopen\\part0\\notes-backend\\utils\\logger.js","statementMap":{"0":{"start":{"line":1,"column":13},"end":{"line":5,"column":1}},"1":{"start":{"line":2,"column":4},"end":{"line":4,"column":5}},"2":{"start":{"line":3,"column":8},"end":{"line":3,"column":30}},"3":{"start":{"line":7,"column":14},"end":{"line":9,"column":1}},"4":{"start":{"line":8,"column":4},"end":{"line":8,"column":28}},"5":{"start":{"line":11,"column":0},"end":{"line":13,"column":1}}},"fnMap":{"0":{"name":"(anonymous_0)","decl":{"start":{"line":1,"column":13},"end":{"line":1,"column":14}},"loc":{"start":{"line":1,"column":28},"end":{"line":5,"column":1}},"line":1},"1":{"name":"(anonymous_1)","decl":{"start":{"line":7,"column":14},"end":{"line":7,"column":15}},"loc":{"start":{"line":7,"column":29},"end":{"line":9,"column":1}},"line":7}},"branchMap":{"0":{"loc":{"start":{"line":2,"column":4},"end":{"line":4,"column":5}},"type":"if","locations":[{"start":{"line":2,"column":4},"end":{"line":4,"column":5}},{"start":{"line":2,"column":4},"end":{"line":4,"column":5}}],"line":2}},"s":{"0":1,"1":46,"2":0,"3":1,"4":4,"5":1},"f":{"0":46,"1":4},"b":{"0":[0,46]},"_coverageSchema":"1a1c01bbd47fc00a2c39e90264f33305004495a9","hash":"d542f456f494d97aee1791356efd9acd3d214772"}
,"F:\\repos\\Omnia\\fullstackopen\\part0\\notes-backend\\utils\\middleware.js": {"path":"F:\\repos\\Omnia\\fullstackopen\\part0\\notes-backend\\utils\\middleware.js","statementMap":{"0":{"start":{"line":1,"column":15},"end":{"line":1,"column":34}},"1":{"start":{"line":3,"column":22},"end":{"line":9,"column":1}},"2":{"start":{"line":4,"column":4},"end":{"line":4,"column":42}},"3":{"start":{"line":5,"column":4},"end":{"line":5,"column":40}},"4":{"start":{"line":6,"column":4},"end":{"line":6,"column":40}},"5":{"start":{"line":7,"column":4},"end":{"line":7,"column":22}},"6":{"start":{"line":8,"column":4},"end":{"line":8,"column":10}},"7":{"start":{"line":11,"column":24},"end":{"line":13,"column":1}},"8":{"start":{"line":12,"column":4},"end":{"line":12,"column":60}},"9":{"start":{"line":15,"column":21},"end":{"line":29,"column":1}},"10":{"start":{"line":16,"column":4},"end":{"line":16,"column":31}},"11":{"start":{"line":18,"column":4},"end":{"line":26,"column":5}},"12":{"start":{"line":19,"column":8},"end":{"line":19,"column":70}},"13":{"start":{"line":21,"column":9},"end":{"line":26,"column":5}},"14":{"start":{"line":22,"column":8},"end":{"line":22,"column":66}},"15":{"start":{"line":24,"column":9},"end":{"line":26,"column":5}},"16":{"start":{"line":25,"column":8},"end":{"line":25,"column":68}},"17":{"start":{"line":28,"column":4},"end":{"line":28,"column":15}},"18":{"start":{"line":31,"column":0},"end":{"line":35,"column":1}}},"fnMap":{"0":{"name":"(anonymous_0)","decl":{"start":{"line":3,"column":22},"end":{"line":3,"column":23}},"loc":{"start":{"line":3,"column":51},"end":{"line":9,"column":1}},"line":3},"1":{"name":"(anonymous_1)","decl":{"start":{"line":11,"column":24},"end":{"line":11,"column":25}},"loc":{"start":{"line":11,"column":47},"end":{"line":13,"column":1}},"line":11},"2":{"name":"(anonymous_2)","decl":{"start":{"line":15,"column":21},"end":{"line":15,"column":22}},"loc":{"start":{"line":15,"column":57},"end":{"line":29,"column":1}},"line":15}},"branchMap":{"0":{"loc":{"start":{"line":18,"column":4},"end":{"line":26,"column":5}},"type":"if","locations":[{"start":{"line":18,"column":4},"end":{"line":26,"column":5}},{"start":{"line":18,"column":4},"end":{"line":26,"column":5}}],"line":18},"1":{"loc":{"start":{"line":18,"column":8},"end":{"line":18,"column":63}},"type":"binary-expr","locations":[{"start":{"line":18,"column":8},"end":{"line":18,"column":34}},{"start":{"line":18,"column":38},"end":{"line":18,"column":63}}],"line":18},"2":{"loc":{"start":{"line":21,"column":9},"end":{"line":26,"column":5}},"type":"if","locations":[{"start":{"line":21,"column":9},"end":{"line":26,"column":5}},{"start":{"line":21,"column":9},"end":{"line":26,"column":5}}],"line":21},"3":{"loc":{"start":{"line":24,"column":9},"end":{"line":26,"column":5}},"type":"if","locations":[{"start":{"line":24,"column":9},"end":{"line":26,"column":5}},{"start":{"line":24,"column":9},"end":{"line":26,"column":5}}],"line":24}},"s":{"0":1,"1":1,"2":11,"3":11,"4":11,"5":11,"6":11,"7":1,"8":0,"9":1,"10":4,"11":4,"12":1,"13":3,"14":1,"15":2,"16":2,"17":0,"18":1},"f":{"0":11,"1":0,"2":4},"b":{"0":[1,3],"1":[4,1],"2":[1,2],"3":[2,0]},"_coverageSchema":"1a1c01bbd47fc00a2c39e90264f33305004495a9","hash":"99d0afe110879e4f9f94852fd17d1d339a1efb78"}
}
